<?xml version="1.0" encoding="UTF-8"?>
<!-- Generated by org.testng.reporters.JUnitXMLReporter -->
<testsuite hostname="ADMIN-PC" name="Test" tests="2" failures="1" timestamp="30 Mar 2020 12:50:00 GMT" time="0.074" errors="0">
  <testcase name="cl2_methos" time="0.033" classname="p1.cl2">
    <failure type="java.lang.IllegalAccessException" message="Class org.testng.internal.MethodInvocationHelper can not access a member of class p1.cl2 with modifiers &amp;quot;public&amp;quot;">
      <![CDATA[java.lang.IllegalAccessException: Class org.testng.internal.MethodInvocationHelper can not access a member of class p1.cl2 with modifiers "public"
... Removed 24 stack frames]]>
    </failure>
  </testcase> <!-- cl2_methos -->
  <testcase name="method1" time="0.004" classname="p1.prtTestNg"/>
</testsuite> <!-- Test -->
